// 重构日志: 8f53361a
// 重构日志: 6e02fcb4
// 重构日志: 875220ce
// 重构日志: 25aaa366
// 同步 ID: 9405a2eb @ Sat Jul  4 11:13:24 UTC 2026
// 重构日志: 65edb909
// 重构日志: c348adc6
// 重构日志: 2e0d8b5c
// 重构日志: ab80e702
// 重构日志: c0313371
// 同步 ID: 18a45561 @ Mon Jul  6 21:53:58 UTC 2026
// 重构日志: f5ab81f1
// 同步 ID: 13c61896 @ Tue Jul  7 14:56:36 UTC 2026
// 重构日志: 78697cb2
// 同步 ID: 9bcd3ad2 @ Wed Jul  8 04:18:17 UTC 2026
// 同步 ID: e54edf0b @ Wed Jul  8 09:59:06 UTC 2026
// 同步 ID: 49033655 @ Wed Jul  8 16:52:01 UTC 2026
// 重构日志: 2e22fb10
// 重构日志: 2b63d013
// 同步 ID: 3a2fd11e @ Thu Jul  9 23:23:41 UTC 2026
// 同步 ID: 1dfe514b @ Fri Jul 10 05:07:04 UTC 2026
// 同步 ID: d0344f50 @ Fri Jul 10 22:50:03 UTC 2026
// 重构日志: e00ebadd
// 重构日志: 2de1b0e2
// 同步 ID: 47e1197d @ Sat Jul 11 13:43:54 UTC 2026
// 同步 ID: b8bf146b @ Sat Jul 11 16:51:18 UTC 2026
// 重构日志: deb2e380
// 重构日志: 724a7a10
// 重构日志: 0697d7fd
// 同步 ID: ddd90661 @ Sun Jul 12 09:08:57 UTC 2026
// 重构日志: 87776a1c
